<html>
<body>
<pre>
<h1>Vision Build Log</h1>
<h2>Project:</h2>
E:\04 欧乐科技\20151113 超微量分光光度计\软件程序\KOSPE-CTRL-V2.0 20160331\KOSPE-CTRL-V2.0.uvproj
Project File Date:  03/31/2016

<h2>Output:</h2>
Build target 'KOSPE-CTRL-V2'
compiling main.c...
compiling task.c...
compiling dcMotor.c...
compiling bsp.c...
compiling frame.c...
compiling nvic.c...
compiling queue.c...
compiling stm32f10x_it.c...
compiling timer2.c...
compiling system_stm32f10x.c...
compiling common.c...
compiling pcComm.c...
compiling stepMotor.c...
Source\AppDriver\src\stepMotor.c(85): warning:  #177-D: variable "angle" was declared but never referenced
Source\AppDriver\src\stepMotor.c:       float angle;
Source\AppDriver\src\stepMotor.c:             ^
Source\AppDriver\src\stepMotor.c(330): error:  #154: expression must have struct or union type
Source\AppDriver\src\stepMotor.c:               if(g_sm.realAngle > 350)        /* 350度到360度之间的当作0度处理 */
Source\AppDriver\src\stepMotor.c:                  ^
Source\AppDriver\src\stepMotor.c(333): error:  #154: expression must have struct or union type
Source\AppDriver\src\stepMotor.c:                       angle = g_sm[num].goalAngle + 360 - g_sm.realAngle;
Source\AppDriver\src\stepMotor.c:                                                           ^
Source\AppDriver\src\stepMotor.c: Source\AppDriver\src\stepMotor.c: 1 warning, 2 errors
compiling timer3.c...
compiling timer5.c...
compiling temControl.c...
compiling temDriver.c...
compiling adcDriver.c...
compiling eeprom.c...
compiling spi1.c...
compiling absEncoder.c...
compiling spi2.c...
compiling uart1.c...
compiling os_core.c...
compiling os_flag.c...
compiling os_mbox.c...
compiling os_mem.c...
compiling os_mutex.c...
compiling os_q.c...
compiling os_sem.c...
compiling os_task.c...
compiling os_time.c...
compiling os_tmr.c...
assembling os_cpu_a.asm...
compiling os_cpu_c.c...
compiling os_dbg.c...
compiling hw_config.c...
compiling usb_desc.c...
compiling usb_endp.c...
compiling usb_istr.c...
compiling usb_prop.c...
compiling usb_pwr.c...
compiling usb_core.c...
compiling usb_init.c...
compiling usb_int.c...
compiling usb_mem.c...
compiling usb_regs.c...
compiling stm32f10x_adc.c...
compiling stm32f10x_bkp.c...
compiling stm32f10x_crc.c...
compiling stm32f10x_dac.c...
compiling stm32f10x_dbgmcu.c...
compiling stm32f10x_dma.c...
compiling stm32f10x_exti.c...
compiling stm32f10x_flash.c...
compiling stm32f10x_gpio.c...
compiling stm32f10x_i2c.c...
compiling stm32f10x_lib.c...
compiling stm32f10x_nvic.c...
compiling stm32f10x_pwr.c...
compiling stm32f10x_rcc.c...
compiling stm32f10x_sdio.c...
compiling stm32f10x_spi.c...
compiling stm32f10x_systick.c...
compiling stm32f10x_tim.c...
compiling stm32f10x_usart.c...
compiling stm32f10x_rtc.c...
assembling stm32f10x_startup.s...
assembling cortexm3_macro.s...
Target not created
Build target 'KOSPE-CTRL-V2'
compiling main.c...
compiling task.c...
compiling dcMotor.c...
compiling bsp.c...
compiling frame.c...
compiling nvic.c...
compiling queue.c...
compiling stm32f10x_it.c...
compiling timer2.c...
compiling system_stm32f10x.c...
compiling common.c...
compiling pcComm.c...
compiling stepMotor.c...
Source\AppDriver\src\stepMotor.c(332): error:  #154: expression must have struct or union type
Source\AppDriver\src\stepMotor.c:                       angle = g_sm[num].goalAngle + 360 - g_sm.realAngle;
Source\AppDriver\src\stepMotor.c:                                                           ^
Source\AppDriver\src\stepMotor.c: Source\AppDriver\src\stepMotor.c: 0 warnings, 1 error
compiling timer3.c...
compiling timer5.c...
compiling temControl.c...
compiling temDriver.c...
compiling adcDriver.c...
compiling eeprom.c...
compiling spi1.c...
compiling absEncoder.c...
compiling spi2.c...
compiling uart1.c...
compiling os_core.c...
compiling os_flag.c...
compiling os_mbox.c...
compiling os_mem.c...
compiling os_mutex.c...
compiling os_q.c...
compiling os_sem.c...
compiling os_task.c...
compiling os_time.c...
compiling os_tmr.c...
assembling os_cpu_a.asm...
compiling os_cpu_c.c...
compiling os_dbg.c...
compiling hw_config.c...
compiling usb_desc.c...
compiling usb_endp.c...
compiling usb_istr.c...
compiling usb_prop.c...
compiling usb_pwr.c...
compiling usb_core.c...
compiling usb_init.c...
compiling usb_int.c...
compiling usb_mem.c...
compiling usb_regs.c...
compiling stm32f10x_adc.c...
compiling stm32f10x_bkp.c...
compiling stm32f10x_crc.c...
compiling stm32f10x_dac.c...
compiling stm32f10x_dbgmcu.c...
compiling stm32f10x_dma.c...
compiling stm32f10x_exti.c...
compiling stm32f10x_flash.c...
compiling stm32f10x_gpio.c...
compiling stm32f10x_i2c.c...
compiling stm32f10x_lib.c...
compiling stm32f10x_nvic.c...
compiling stm32f10x_pwr.c...
compiling stm32f10x_rcc.c...
compiling stm32f10x_sdio.c...
compiling stm32f10x_spi.c...
compiling stm32f10x_systick.c...
compiling stm32f10x_tim.c...
compiling stm32f10x_usart.c...
compiling stm32f10x_rtc.c...
assembling stm32f10x_startup.s...
assembling cortexm3_macro.s...
Target not created
Build target 'KOSPE-CTRL-V2'
compiling main.c...
compiling task.c...
compiling dcMotor.c...
compiling bsp.c...
compiling frame.c...
compiling nvic.c...
compiling queue.c...
compiling stm32f10x_it.c...
compiling timer2.c...
compiling system_stm32f10x.c...
compiling common.c...
compiling pcComm.c...
compiling stepMotor.c...
compiling timer3.c...
compiling timer5.c...
compiling temControl.c...
compiling temDriver.c...
compiling adcDriver.c...
compiling eeprom.c...
compiling spi1.c...
compiling absEncoder.c...
compiling spi2.c...
compiling uart1.c...
compiling os_core.c...
compiling os_flag.c...
compiling os_mbox.c...
compiling os_mem.c...
compiling os_mutex.c...
compiling os_q.c...
compiling os_sem.c...
compiling os_task.c...
compiling os_time.c...
compiling os_tmr.c...
assembling os_cpu_a.asm...
compiling os_cpu_c.c...
compiling os_dbg.c...
compiling hw_config.c...
compiling usb_desc.c...
compiling usb_endp.c...
compiling usb_istr.c...
compiling usb_prop.c...
compiling usb_pwr.c...
compiling usb_core.c...
compiling usb_init.c...
compiling usb_int.c...
compiling usb_mem.c...
compiling usb_regs.c...
compiling stm32f10x_adc.c...
compiling stm32f10x_bkp.c...
compiling stm32f10x_crc.c...
compiling stm32f10x_dac.c...
compiling stm32f10x_dbgmcu.c...
compiling stm32f10x_dma.c...
compiling stm32f10x_exti.c...
compiling stm32f10x_flash.c...
compiling stm32f10x_gpio.c...
compiling stm32f10x_i2c.c...
compiling stm32f10x_lib.c...
compiling stm32f10x_nvic.c...
compiling stm32f10x_pwr.c...
compiling stm32f10x_rcc.c...
compiling stm32f10x_sdio.c...
compiling stm32f10x_spi.c...
compiling stm32f10x_systick.c...
compiling stm32f10x_tim.c...
compiling stm32f10x_usart.c...
compiling stm32f10x_rtc.c...
assembling stm32f10x_startup.s...
assembling cortexm3_macro.s...
linking...
Program Size: Code=30006 RO-data=494 RW-data=408 ZI-data=29808  
FromELF: creating hex file...
".\Output\KOSPE-CTRL-V2-20160331.axf" - 0 Error(s), 0 Warning(s).
Build target 'KOSPE-CTRL-V2'
compiling main.c...
compiling task.c...
compiling dcMotor.c...
compiling bsp.c...
compiling frame.c...
compiling nvic.c...
compiling queue.c...
compiling stm32f10x_it.c...
compiling timer2.c...
compiling system_stm32f10x.c...
compiling common.c...
compiling pcComm.c...
compiling stepMotor.c...
compiling timer3.c...
compiling timer5.c...
compiling temControl.c...
compiling temDriver.c...
compiling adcDriver.c...
compiling eeprom.c...
compiling spi1.c...
compiling absEncoder.c...
compiling spi2.c...
compiling uart1.c...
compiling os_core.c...
compiling os_flag.c...
compiling os_mbox.c...
compiling os_mem.c...
compiling os_mutex.c...
compiling os_q.c...
compiling os_sem.c...
compiling os_task.c...
compiling os_time.c...
compiling os_tmr.c...
assembling os_cpu_a.asm...
compiling os_cpu_c.c...
compiling os_dbg.c...
compiling hw_config.c...
compiling usb_desc.c...
compiling usb_endp.c...
compiling usb_istr.c...
compiling usb_prop.c...
compiling usb_pwr.c...
compiling usb_core.c...
compiling usb_init.c...
compiling usb_int.c...
compiling usb_mem.c...
compiling usb_regs.c...
compiling stm32f10x_adc.c...
compiling stm32f10x_bkp.c...
compiling stm32f10x_crc.c...
compiling stm32f10x_dac.c...
compiling stm32f10x_dbgmcu.c...
compiling stm32f10x_dma.c...
compiling stm32f10x_exti.c...
compiling stm32f10x_flash.c...
compiling stm32f10x_gpio.c...
compiling stm32f10x_i2c.c...
compiling stm32f10x_lib.c...
compiling stm32f10x_nvic.c...
compiling stm32f10x_pwr.c...
compiling stm32f10x_rcc.c...
compiling stm32f10x_sdio.c...
compiling stm32f10x_spi.c...
compiling stm32f10x_systick.c...
compiling stm32f10x_tim.c...
compiling stm32f10x_usart.c...
compiling stm32f10x_rtc.c...
assembling stm32f10x_startup.s...
assembling cortexm3_macro.s...
linking...
Program Size: Code=30006 RO-data=494 RW-data=408 ZI-data=29808  
FromELF: creating hex file...
".\Output\KOSPE-CTRL-V2-20160408.axf" - 0 Error(s), 0 Warning(s).
